<?xml version="1.0" encoding="UTF-8" ?>
<testsuite failures="0" time="0.328" errors="0" skipped="0" tests="4" name="services.PeriodRecordServiceTest">
  <properties>
[...]
</properties>
  <testcase time="0.11" classname="services.PeriodRecordServiceTest" name="driverGet"/>
  <testcase time="0.031" classname="services.PeriodRecordServiceTest" name="driverCreate"/>
  <testcase time="0.094" classname="services.PeriodRecordServiceTest" name="driverDelete"/>
  <testcase time="0.062" classname="services.PeriodRecordServiceTest" name="driverSave"/>
</testsuite>